GROUP,PACKAGE,CLASS,INSTRUCTION_MISSED,INSTRUCTION_COVERED,BRANCH_MISSED,BRANCH_COVERED,LINE_MISSED,LINE_COVERED,COMPLEXITY_MISSED,COMPLEXITY_COVERED,METHOD_MISSED,METHOD_COVERED
PapareRockScissorsV2,com.abjust.gamelogic.players,Player,67,0,10,0,19,0,10,0,5,0
PapareRockScissorsV2,com.abjust.gamelogic.players,RealPlayer,3,0,0,0,1,0,1,0,1,0
PapareRockScissorsV2,com.abjust.gamelogic.players,BotPlayer,18,0,0,0,5,0,3,0,3,0
PapareRockScissorsV2,com.abjust.gamelogic.handsignals,HandSignalLogic,191,0,26,0,36,0,21,0,7,0
PapareRockScissorsV2,com.abjust.helpers,InputHelper,63,0,4,0,20,0,6,0,4,0
PapareRockScissorsV2,com.abjust.helpers,Crypto,3,10,0,0,1,3,1,2,1,2
PapareRockScissorsV2,com.abjust.gamelogic.games,Game,6,0,0,0,3,0,2,0,2,0
PapareRockScissorsV2,com.abjust.gamelogic.games,GameCore,175,0,12,0,54,0,15,0,9,0
PapareRockScissorsV2,com.abjust,PaperRockScissorGameExecuter,26,0,0,0,10,0,4,0,4,0
