<?xml version="1.0" encoding="UTF-8"?>
<testsuite xmlns:xsi="http://www.w3.org/2001/XMLSchema-instance" xsi:noNamespaceSchemaLocation="https://maven.apache.org/surefire/maven-surefire-plugin/xsd/surefire-test-report-3.0.xsd" version="3.0" name="com.abjust.gamelogic.games.GameCoreTest" time="0.282" tests="4" errors="0" skipped="0" failures="0">
  <properties>
[...]
</properties>
  <testcase name="testHelp" classname="com.abjust.gamelogic.games.GameCoreTest" time="0.216">
    <system-out><![CDATA[   
I have made my choice and it is this 2
The game is simple. You and I will pick one of three hand signals (Paper,Rock or Scissors) at the same time.
Then we will revile our selected signal and see who wins
The winner is determined as following:
Paper beats (wraps) rock
Rock beats (blunts) scissors 
Scissors beats (cuts) paper
 
I hope that now you understand the game. Now let's play!
]]></system-out>
  </testcase>
  <testcase name="testBotWins" classname="com.abjust.gamelogic.games.GameCoreTest" time="0.012">
    <system-out><![CDATA[   
I have made my choice and it is this 2
Yay I got a point
   
You managed to win 0 times and I won 1 times
]]></system-out>
  </testcase>
  <testcase name="testExitTheGame" classname="com.abjust.gamelogic.games.GameCoreTest" time="0.011">
    <system-out><![CDATA[   
I have made my choice and it is this 2
I beat you this time but don't worry you can always try again!
]]></system-out>
  </testcase>
  <testcase name="testPlayerWins" classname="com.abjust.gamelogic.games.GameCoreTest" time="0.011">
    <system-out><![CDATA[   
I have made my choice and it is this 1
Wow you got a point
   
You managed to win 1 times and I won 1 times
]]></system-out>
  </testcase>
</testsuite>